<?xml version="1.0" encoding="UTF-8" ?>
<testsuite tests="1" failures="0" name="may.practice.spring.batch.InboundBatch1.AppTest" time="0.005" errors="0" skipped="0">
  <properties>
    <property name="java.runtime.name" value="Java(TM) SE Runtime Environment"/>
    <property name="sun.boot.library.path" value="c:\Program Files\Java\jdk1.8.0_131\jre\bin"/>
    <property name="java.vm.version" value="25.131-b11"/>
    <property name="java.vm.vendor" value="Oracle Corporation"/>
    <property name="maven.multiModuleProjectDirectory" value="c:/jba/workspaces/tasks/Practice/InboundSpringBatch1"/>
    <property name="java.vendor.url" value="http://java.oracle.com/"/>
    <property name="path.separator" value=";"/>
    <property name="guice.disable.misplaced.annotation.check" value="true"/>
    <property name="java.vm.name" value="Java HotSpot(TM) 64-Bit Server VM"/>
    <property name="file.encoding.pkg" value="sun.io"/>
    <property name="user.script" value=""/>
    <property name="user.country" value="US"/>
    <property name="sun.java.launcher" value="SUN_STANDARD"/>
    <property name="sun.os.patch.level" value=""/>
    <property name="java.vm.specification.name" value="Java Virtual Machine Specification"/>
    <property name="user.dir" value="C:\jba\workspaces\tasks\Practice\InboundSpringBatch1"/>
    <property name="java.runtime.version" value="1.8.0_131-b11"/>
    <property name="java.awt.graphicsenv" value="sun.awt.Win32GraphicsEnvironment"/>
    <property name="java.endorsed.dirs" value="c:\Program Files\Java\jdk1.8.0_131\jre\lib\endorsed"/>
    <property name="os.arch" value="amd64"/>
    <property name="java.io.tmpdir" value="C:\Users\MAYURI~1.SAX\AppData\Local\Temp\"/>
    <property name="line.separator" value="
"/>
    <property name="java.vm.specification.vendor" value="Oracle Corporation"/>
    <property name="user.variant" value=""/>
    <property name="os.name" value="Windows 10"/>
    <property name="classworlds.conf" value="c:/jba/apache-maven-3.3.9/bin/m2.conf"/>
    <property name="sun.jnu.encoding" value="Cp1252"/>
    <property name="java.library.path" value="c:\Program Files\Java\jdk1.8.0_131\bin;C:\WINDOWS\Sun\Java\bin;C:\WINDOWS\system32;C:\WINDOWS;c:\Users\mayuri.a.saxena\bin;.;C:\Program Files (x86)\Git\local\bin;C:\Program Files (x86)\Git\mingw\bin;C:\Program Files (x86)\Git\bin;c:\app\mayuri.a.saxena\product\12.2.0\dbhome_3\bin;c:\app\mayuri.a.saxena\product\12.2.0\dbhome_2\bin;c:\app\mayuri.a.saxena\product\12.2.0\dbhome_1\bin;c:\Users\mayuri.a.saxena\Desktop\Software\Oracle12CDatabase\product\12.2.0\dbhome_1\bin;c:\app\mayuri.a.saxena\product\11.2.0\dbhome_2\bin;c:\app\mayuri.a.saxena\product\11.2.0\dbhome_1\bin;c:\Program Files\Java\jdk1.8.0_131\bin;c:\jba\apache-maven-3.3.9\bin;c:\jba\tools\sonarqube-scanner-2.8\bin;c:\ProgramData\Oracle\Java\javapath;c:\windows\system32;c:\windows;c:\windows\System32\Wbem;c:\windows\System32\WindowsPowerShell\v1.0\;c:\Program Files\Microsoft SQL Server\130\Tools\Binn\;c:\Program Files\dotnet\;c:\Program Files (x86)\Microsoft SQL Server\Client SDK\ODBC\130\Tools\Binn\;c:\Program Files (x86)\Microsoft SQL Server\140\Tools\Binn\;c:\Program Files (x86)\Microsoft SQL Server\140\DTS\Binn\;c:\Program Files (x86)\Microsoft SQL Server\140\Tools\Binn\ManagementStudio\;c:\Program Files\Java\jdk1.8.0_131\bin;c:\Users\mayuri.a.saxena\AppData\Local\Microsoft\WindowsApps;c:\Program Files\OpenVPN\bin;c:\Program Files\PuTTY\;c:\WINDOWS\system32;c:\WINDOWS;c:\WINDOWS\System32\Wbem;c:\WINDOWS\System32\WindowsPowerShell\v1.0\;c:\WINDOWS\System32\OpenSSH\;c:\Users\mayuri.a.saxena\AppData\Local\Microsoft\WindowsApps;.;."/>
    <property name="java.specification.name" value="Java Platform API Specification"/>
    <property name="java.class.version" value="52.0"/>
    <property name="sun.management.compiler" value="HotSpot 64-Bit Tiered Compilers"/>
    <property name="os.version" value="10.0"/>
    <property name="user.home" value="C:\Users\mayuri.a.saxena"/>
    <property name="user.timezone" value="Asia/Singapore"/>
    <property name="java.awt.printerjob" value="sun.awt.windows.WPrinterJob"/>
    <property name="java.specification.version" value="1.8"/>
    <property name="file.encoding" value="Cp1252"/>
    <property name="user.name" value="mayuri.a.saxena"/>
    <property name="java.class.path" value="c:/jba/apache-maven-3.3.9/boot/plexus-classworlds-2.5.2.jar"/>
    <property name="java.vm.specification.version" value="1.8"/>
    <property name="sun.arch.data.model" value="64"/>
    <property name="java.home" value="c:\Program Files\Java\jdk1.8.0_131\jre"/>
    <property name="sun.java.command" value="org.codehaus.plexus.classworlds.launcher.Launcher clean install -U"/>
    <property name="java.specification.vendor" value="Oracle Corporation"/>
    <property name="user.language" value="en"/>
    <property name="awt.toolkit" value="sun.awt.windows.WToolkit"/>
    <property name="java.vm.info" value="mixed mode"/>
    <property name="java.version" value="1.8.0_131"/>
    <property name="java.ext.dirs" value="c:\Program Files\Java\jdk1.8.0_131\jre\lib\ext;C:\WINDOWS\Sun\Java\lib\ext"/>
    <property name="sun.boot.class.path" value="c:\Program Files\Java\jdk1.8.0_131\jre\lib\resources.jar;c:\Program Files\Java\jdk1.8.0_131\jre\lib\rt.jar;c:\Program Files\Java\jdk1.8.0_131\jre\lib\sunrsasign.jar;c:\Program Files\Java\jdk1.8.0_131\jre\lib\jsse.jar;c:\Program Files\Java\jdk1.8.0_131\jre\lib\jce.jar;c:\Program Files\Java\jdk1.8.0_131\jre\lib\charsets.jar;c:\Program Files\Java\jdk1.8.0_131\jre\lib\jfr.jar;c:\Program Files\Java\jdk1.8.0_131\jre\classes"/>
    <property name="sun.stderr.encoding" value="cp437"/>
    <property name="java.vendor" value="Oracle Corporation"/>
    <property name="maven.home" value="c:\jba\apache-maven-3.3.9"/>
    <property name="file.separator" value="\"/>
    <property name="java.vendor.url.bug" value="http://bugreport.sun.com/bugreport/"/>
    <property name="sun.cpu.endian" value="little"/>
    <property name="sun.io.unicode.encoding" value="UnicodeLittle"/>
    <property name="sun.stdout.encoding" value="cp437"/>
    <property name="sun.desktop" value="windows"/>
    <property name="sun.cpu.isalist" value="amd64"/>
  </properties>
  <testcase classname="may.practice.spring.batch.InboundBatch1.AppTest" name="testApp" time="0.005"/>
</testsuite>